<?xml version="1.0" encoding="UTF-8"?>
<testsuite xmlns:xsi="http://www.w3.org/2001/XMLSchema-instance" xsi:noNamespaceSchemaLocation="https://maven.apache.org/surefire/maven-surefire-plugin/xsd/surefire-test-report-3.0.xsd" version="3.0" name="com.Internet.herokuapp.helper.runner.Runner" time="27.799" tests="9" errors="1" skipped="0" failures="4">
  <properties>
    <property name="java.specification.version" value="17"/>
    <property name="sun.cpu.isalist" value="amd64"/>
    <property name="sun.jnu.encoding" value="Cp1252"/>
    <property name="java.class.path" value="C:\eclipse-workspace-AJC\Internet.herokuapp\target\test-classes;C:\eclipse-workspace-AJC\Internet.herokuapp\target\classes;C:\Users\benah\.m2\repository\io\rest-assured\rest-assured\4.3.3\rest-assured-4.3.3.jar;C:\Users\benah\.m2\repository\org\codehaus\groovy\groovy\3.0.7\groovy-3.0.7.jar;C:\Users\benah\.m2\repository\org\codehaus\groovy\groovy-xml\3.0.7\groovy-xml-3.0.7.jar;C:\Users\benah\.m2\repository\org\apache\httpcomponents\httpclient\4.5.3\httpclient-4.5.3.jar;C:\Users\benah\.m2\repository\org\apache\httpcomponents\httpcore\4.4.6\httpcore-4.4.6.jar;C:\Users\benah\.m2\repository\commons-logging\commons-logging\1.2\commons-logging-1.2.jar;C:\Users\benah\.m2\repository\commons-codec\commons-codec\1.9\commons-codec-1.9.jar;C:\Users\benah\.m2\repository\org\apache\httpcomponents\httpmime\4.5.3\httpmime-4.5.3.jar;C:\Users\benah\.m2\repository\org\hamcrest\hamcrest\2.1\hamcrest-2.1.jar;C:\Users\benah\.m2\repository\org\ccil\cowan\tagsoup\tagsoup\1.2.1\tagsoup-1.2.1.jar;C:\Users\benah\.m2\repository\io\rest-assured\json-path\4.3.3\json-path-4.3.3.jar;C:\Users\benah\.m2\repository\org\codehaus\groovy\groovy-json\3.0.7\groovy-json-3.0.7.jar;C:\Users\benah\.m2\repository\io\rest-assured\rest-assured-common\4.3.3\rest-assured-common-4.3.3.jar;C:\Users\benah\.m2\repository\io\rest-assured\xml-path\4.3.3\xml-path-4.3.3.jar;C:\Users\benah\.m2\repository\org\apache\commons\commons-lang3\3.11\commons-lang3-3.11.jar;C:\Users\benah\.m2\repository\jakarta\xml\bind\jakarta.xml.bind-api\2.3.3\jakarta.xml.bind-api-2.3.3.jar;C:\Users\benah\.m2\repository\jakarta\activation\jakarta.activation-api\1.2.2\jakarta.activation-api-1.2.2.jar;C:\Users\benah\.m2\repository\com\sun\xml\bind\jaxb-impl\2.3.3\jaxb-impl-2.3.3.jar;C:\Users\benah\.m2\repository\io\cucumber\cucumber-java\7.10.0\cucumber-java-7.10.0.jar;C:\Users\benah\.m2\repository\io\cucumber\cucumber-core\7.10.0\cucumber-core-7.10.0.jar;C:\Users\benah\.m2\repository\io\cucumber\cucumber-gherkin\7.10.0\cucumber-gherkin-7.10.0.jar;C:\Users\benah\.m2\repository\io\cucumber\cucumber-gherkin-messages\7.10.0\cucumber-gherkin-messages-7.10.0.jar;C:\Users\benah\.m2\repository\io\cucumber\gherkin\25.0.2\gherkin-25.0.2.jar;C:\Users\benah\.m2\repository\io\cucumber\messages\19.1.4\messages-19.1.4.jar;C:\Users\benah\.m2\repository\io\cucumber\tag-expressions\4.1.0\tag-expressions-4.1.0.jar;C:\Users\benah\.m2\repository\io\cucumber\cucumber-expressions\16.1.1\cucumber-expressions-16.1.1.jar;C:\Users\benah\.m2\repository\io\cucumber\datatable\7.10.0\datatable-7.10.0.jar;C:\Users\benah\.m2\repository\io\cucumber\cucumber-plugin\7.10.0\cucumber-plugin-7.10.0.jar;C:\Users\benah\.m2\repository\io\cucumber\docstring\7.10.0\docstring-7.10.0.jar;C:\Users\benah\.m2\repository\io\cucumber\html-formatter\20.2.0\html-formatter-20.2.0.jar;C:\Users\benah\.m2\repository\io\cucumber\ci-environment\9.1.0\ci-environment-9.1.0.jar;C:\Users\benah\.m2\repository\org\apiguardian\apiguardian-api\1.1.2\apiguardian-api-1.1.2.jar;C:\Users\benah\.m2\repository\io\cucumber\cucumber-junit\7.11.0\cucumber-junit-7.11.0.jar;C:\Users\benah\.m2\repository\org\seleniumhq\selenium\selenium-java\3.141.59\selenium-java-3.141.59.jar;C:\Users\benah\.m2\repository\org\seleniumhq\selenium\selenium-api\3.141.59\selenium-api-3.141.59.jar;C:\Users\benah\.m2\repository\org\seleniumhq\selenium\selenium-chrome-driver\3.141.59\selenium-chrome-driver-3.141.59.jar;C:\Users\benah\.m2\repository\org\seleniumhq\selenium\selenium-edge-driver\3.141.59\selenium-edge-driver-3.141.59.jar;C:\Users\benah\.m2\repository\org\seleniumhq\selenium\selenium-firefox-driver\3.141.59\selenium-firefox-driver-3.141.59.jar;C:\Users\benah\.m2\repository\org\seleniumhq\selenium\selenium-ie-driver\3.141.59\selenium-ie-driver-3.141.59.jar;C:\Users\benah\.m2\repository\org\seleniumhq\selenium\selenium-opera-driver\3.141.59\selenium-opera-driver-3.141.59.jar;C:\Users\benah\.m2\repository\org\seleniumhq\selenium\selenium-remote-driver\3.141.59\selenium-remote-driver-3.141.59.jar;C:\Users\benah\.m2\repository\org\seleniumhq\selenium\selenium-safari-driver\3.141.59\selenium-safari-driver-3.141.59.jar;C:\Users\benah\.m2\repository\org\seleniumhq\selenium\selenium-support\3.141.59\selenium-support-3.141.59.jar;C:\Users\benah\.m2\repository\net\bytebuddy\byte-buddy\1.8.15\byte-buddy-1.8.15.jar;C:\Users\benah\.m2\repository\org\apache\commons\commons-exec\1.3\commons-exec-1.3.jar;C:\Users\benah\.m2\repository\com\google\guava\guava\25.0-jre\guava-25.0-jre.jar;C:\Users\benah\.m2\repository\com\google\code\findbugs\jsr305\1.3.9\jsr305-1.3.9.jar;C:\Users\benah\.m2\repository\org\checkerframework\checker-compat-qual\2.0.0\checker-compat-qual-2.0.0.jar;C:\Users\benah\.m2\repository\com\google\errorprone\error_prone_annotations\2.1.3\error_prone_annotations-2.1.3.jar;C:\Users\benah\.m2\repository\com\google\j2objc\j2objc-annotations\1.1\j2objc-annotations-1.1.jar;C:\Users\benah\.m2\repository\org\codehaus\mojo\animal-sniffer-annotations\1.14\animal-sniffer-annotations-1.14.jar;C:\Users\benah\.m2\repository\com\squareup\okhttp3\okhttp\3.11.0\okhttp-3.11.0.jar;C:\Users\benah\.m2\repository\com\squareup\okio\okio\1.14.0\okio-1.14.0.jar;C:\Users\benah\.m2\repository\junit\junit\4.13.2\junit-4.13.2.jar;C:\Users\benah\.m2\repository\org\hamcrest\hamcrest-core\1.3\hamcrest-core-1.3.jar;C:\Users\benah\.m2\repository\commons-io\commons-io\2.11.0\commons-io-2.11.0.jar;"/>
    <property name="java.vm.vendor" value="Oracle Corporation"/>
    <property name="sun.arch.data.model" value="64"/>
    <property name="user.variant" value=""/>
    <property name="java.vendor.url" value="https://java.oracle.com/"/>
    <property name="user.timezone" value="America/Toronto"/>
    <property name="os.name" value="Windows 10"/>
    <property name="java.vm.specification.version" value="17"/>
    <property name="sun.java.launcher" value="SUN_STANDARD"/>
    <property name="user.country" value="CA"/>
    <property name="sun.boot.library.path" value="C:\Program Files\Java\jdk-17.0.5\bin"/>
    <property name="sun.java.command" value="C:\Users\benah\AppData\Local\Temp\surefire1465311282849599594\surefirebooter-20230723100553093_3.jar C:\Users\benah\AppData\Local\Temp\surefire1465311282849599594 2023-07-23T10-05-52_690-jvmRun1 surefire-20230723100553093_1tmp surefire_0-20230723100553093_2tmp"/>
    <property name="jdk.debug" value="release"/>
    <property name="surefire.test.class.path" value="C:\eclipse-workspace-AJC\Internet.herokuapp\target\test-classes;C:\eclipse-workspace-AJC\Internet.herokuapp\target\classes;C:\Users\benah\.m2\repository\io\rest-assured\rest-assured\4.3.3\rest-assured-4.3.3.jar;C:\Users\benah\.m2\repository\org\codehaus\groovy\groovy\3.0.7\groovy-3.0.7.jar;C:\Users\benah\.m2\repository\org\codehaus\groovy\groovy-xml\3.0.7\groovy-xml-3.0.7.jar;C:\Users\benah\.m2\repository\org\apache\httpcomponents\httpclient\4.5.3\httpclient-4.5.3.jar;C:\Users\benah\.m2\repository\org\apache\httpcomponents\httpcore\4.4.6\httpcore-4.4.6.jar;C:\Users\benah\.m2\repository\commons-logging\commons-logging\1.2\commons-logging-1.2.jar;C:\Users\benah\.m2\repository\commons-codec\commons-codec\1.9\commons-codec-1.9.jar;C:\Users\benah\.m2\repository\org\apache\httpcomponents\httpmime\4.5.3\httpmime-4.5.3.jar;C:\Users\benah\.m2\repository\org\hamcrest\hamcrest\2.1\hamcrest-2.1.jar;C:\Users\benah\.m2\repository\org\ccil\cowan\tagsoup\tagsoup\1.2.1\tagsoup-1.2.1.jar;C:\Users\benah\.m2\repository\io\rest-assured\json-path\4.3.3\json-path-4.3.3.jar;C:\Users\benah\.m2\repository\org\codehaus\groovy\groovy-json\3.0.7\groovy-json-3.0.7.jar;C:\Users\benah\.m2\repository\io\rest-assured\rest-assured-common\4.3.3\rest-assured-common-4.3.3.jar;C:\Users\benah\.m2\repository\io\rest-assured\xml-path\4.3.3\xml-path-4.3.3.jar;C:\Users\benah\.m2\repository\org\apache\commons\commons-lang3\3.11\commons-lang3-3.11.jar;C:\Users\benah\.m2\repository\jakarta\xml\bind\jakarta.xml.bind-api\2.3.3\jakarta.xml.bind-api-2.3.3.jar;C:\Users\benah\.m2\repository\jakarta\activation\jakarta.activation-api\1.2.2\jakarta.activation-api-1.2.2.jar;C:\Users\benah\.m2\repository\com\sun\xml\bind\jaxb-impl\2.3.3\jaxb-impl-2.3.3.jar;C:\Users\benah\.m2\repository\io\cucumber\cucumber-java\7.10.0\cucumber-java-7.10.0.jar;C:\Users\benah\.m2\repository\io\cucumber\cucumber-core\7.10.0\cucumber-core-7.10.0.jar;C:\Users\benah\.m2\repository\io\cucumber\cucumber-gherkin\7.10.0\cucumber-gherkin-7.10.0.jar;C:\Users\benah\.m2\repository\io\cucumber\cucumber-gherkin-messages\7.10.0\cucumber-gherkin-messages-7.10.0.jar;C:\Users\benah\.m2\repository\io\cucumber\gherkin\25.0.2\gherkin-25.0.2.jar;C:\Users\benah\.m2\repository\io\cucumber\messages\19.1.4\messages-19.1.4.jar;C:\Users\benah\.m2\repository\io\cucumber\tag-expressions\4.1.0\tag-expressions-4.1.0.jar;C:\Users\benah\.m2\repository\io\cucumber\cucumber-expressions\16.1.1\cucumber-expressions-16.1.1.jar;C:\Users\benah\.m2\repository\io\cucumber\datatable\7.10.0\datatable-7.10.0.jar;C:\Users\benah\.m2\repository\io\cucumber\cucumber-plugin\7.10.0\cucumber-plugin-7.10.0.jar;C:\Users\benah\.m2\repository\io\cucumber\docstring\7.10.0\docstring-7.10.0.jar;C:\Users\benah\.m2\repository\io\cucumber\html-formatter\20.2.0\html-formatter-20.2.0.jar;C:\Users\benah\.m2\repository\io\cucumber\ci-environment\9.1.0\ci-environment-9.1.0.jar;C:\Users\benah\.m2\repository\org\apiguardian\apiguardian-api\1.1.2\apiguardian-api-1.1.2.jar;C:\Users\benah\.m2\repository\io\cucumber\cucumber-junit\7.11.0\cucumber-junit-7.11.0.jar;C:\Users\benah\.m2\repository\org\seleniumhq\selenium\selenium-java\3.141.59\selenium-java-3.141.59.jar;C:\Users\benah\.m2\repository\org\seleniumhq\selenium\selenium-api\3.141.59\selenium-api-3.141.59.jar;C:\Users\benah\.m2\repository\org\seleniumhq\selenium\selenium-chrome-driver\3.141.59\selenium-chrome-driver-3.141.59.jar;C:\Users\benah\.m2\repository\org\seleniumhq\selenium\selenium-edge-driver\3.141.59\selenium-edge-driver-3.141.59.jar;C:\Users\benah\.m2\repository\org\seleniumhq\selenium\selenium-firefox-driver\3.141.59\selenium-firefox-driver-3.141.59.jar;C:\Users\benah\.m2\repository\org\seleniumhq\selenium\selenium-ie-driver\3.141.59\selenium-ie-driver-3.141.59.jar;C:\Users\benah\.m2\repository\org\seleniumhq\selenium\selenium-opera-driver\3.141.59\selenium-opera-driver-3.141.59.jar;C:\Users\benah\.m2\repository\org\seleniumhq\selenium\selenium-remote-driver\3.141.59\selenium-remote-driver-3.141.59.jar;C:\Users\benah\.m2\repository\org\seleniumhq\selenium\selenium-safari-driver\3.141.59\selenium-safari-driver-3.141.59.jar;C:\Users\benah\.m2\repository\org\seleniumhq\selenium\selenium-support\3.141.59\selenium-support-3.141.59.jar;C:\Users\benah\.m2\repository\net\bytebuddy\byte-buddy\1.8.15\byte-buddy-1.8.15.jar;C:\Users\benah\.m2\repository\org\apache\commons\commons-exec\1.3\commons-exec-1.3.jar;C:\Users\benah\.m2\repository\com\google\guava\guava\25.0-jre\guava-25.0-jre.jar;C:\Users\benah\.m2\repository\com\google\code\findbugs\jsr305\1.3.9\jsr305-1.3.9.jar;C:\Users\benah\.m2\repository\org\checkerframework\checker-compat-qual\2.0.0\checker-compat-qual-2.0.0.jar;C:\Users\benah\.m2\repository\com\google\errorprone\error_prone_annotations\2.1.3\error_prone_annotations-2.1.3.jar;C:\Users\benah\.m2\repository\com\google\j2objc\j2objc-annotations\1.1\j2objc-annotations-1.1.jar;C:\Users\benah\.m2\repository\org\codehaus\mojo\animal-sniffer-annotations\1.14\animal-sniffer-annotations-1.14.jar;C:\Users\benah\.m2\repository\com\squareup\okhttp3\okhttp\3.11.0\okhttp-3.11.0.jar;C:\Users\benah\.m2\repository\com\squareup\okio\okio\1.14.0\okio-1.14.0.jar;C:\Users\benah\.m2\repository\junit\junit\4.13.2\junit-4.13.2.jar;C:\Users\benah\.m2\repository\org\hamcrest\hamcrest-core\1.3\hamcrest-core-1.3.jar;C:\Users\benah\.m2\repository\commons-io\commons-io\2.11.0\commons-io-2.11.0.jar;"/>
    <property name="sun.cpu.endian" value="little"/>
    <property name="user.home" value="C:\Users\benah"/>
    <property name="user.language" value="fr"/>
    <property name="java.specification.vendor" value="Oracle Corporation"/>
    <property name="java.version.date" value="2022-10-18"/>
    <property name="java.home" value="C:\Program Files\Java\jdk-17.0.5"/>
    <property name="file.separator" value="\"/>
    <property name="basedir" value="C:\eclipse-workspace-AJC\Internet.herokuapp"/>
    <property name="java.vm.compressedOopsMode" value="32-bit"/>
    <property name="line.separator" value="&#10;"/>
    <property name="java.vm.specification.vendor" value="Oracle Corporation"/>
    <property name="java.specification.name" value="Java Platform API Specification"/>
    <property name="surefire.real.class.path" value="C:\Users\benah\AppData\Local\Temp\surefire1465311282849599594\surefirebooter-20230723100553093_3.jar"/>
    <property name="user.script" value=""/>
    <property name="sun.management.compiler" value="HotSpot 64-Bit Tiered Compilers"/>
    <property name="java.runtime.version" value="17.0.5+9-LTS-191"/>
    <property name="user.name" value="benah"/>
    <property name="path.separator" value=";"/>
    <property name="os.version" value="10.0"/>
    <property name="java.runtime.name" value="Java(TM) SE Runtime Environment"/>
    <property name="file.encoding" value="Cp1252"/>
    <property name="java.vm.name" value="Java HotSpot(TM) 64-Bit Server VM"/>
    <property name="localRepository" value="C:\Users\benah\.m2\repository"/>
    <property name="java.vendor.url.bug" value="https://bugreport.java.com/bugreport/"/>
    <property name="java.io.tmpdir" value="C:\Users\benah\AppData\Local\Temp\"/>
    <property name="java.version" value="17.0.5"/>
    <property name="user.dir" value="C:\eclipse-workspace-AJC\Internet.herokuapp"/>
    <property name="os.arch" value="amd64"/>
    <property name="java.vm.specification.name" value="Java Virtual Machine Specification"/>
    <property name="sun.os.patch.level" value=""/>
    <property name="native.encoding" value="Cp1252"/>
    <property name="java.library.path" value="C:\Program Files\Java\jdk-17.0.5\bin;C:\Windows\Sun\Java\bin;C:\Windows\system32;C:\Windows;C:\Program Files\Common Files\Oracle\Java\javapath;C:\Windows\system32;C:\Windows;C:\Windows\System32\Wbem;C:\Windows\System32\WindowsPowerShell\v1.0\;C:\Windows\System32\OpenSSH\;C:\Program Files\nodejs\;C:\apache-maven-3.8.7\bin;C:\Program Files\Git\cmd;C:\Program Files\Docker\Docker\resources\bin;C:\Users\benah\AppData\Local\Microsoft\WindowsApps;C:\Users\benah\AppData\Roaming\npm;."/>
    <property name="java.vm.info" value="mixed mode, sharing"/>
    <property name="java.vendor" value="Oracle Corporation"/>
    <property name="java.vm.version" value="17.0.5+9-LTS-191"/>
    <property name="sun.io.unicode.encoding" value="UnicodeLittle"/>
    <property name="java.class.version" value="61.0"/>
  </properties>
  <testcase name="Verify DropDown page contents are correct" classname="CheckBoxes Page" time="7.35">
    <system-out><![CDATA[
Scenario: Verify DropDown page contents are correct              &amp#27;[90m# src/test/resources/Checkboxes.feature:8&amp#27;[0m
  &amp#27;[32mGiven &amp#27;[0m&amp#27;[32mI have navigated to the 'the-internet' "&amp#27;[0m&amp#27;[32m&amp#27;[1mcheckboxes&amp#27;[0m&amp#27;[32m" page&amp#27;[0m &amp#27;[90m# com.Internet.herokuapp.stepDefinitions.CommonStepDefinition.i_have_navigated_to_the_theinternet_page(java.lang.String)&amp#27;[0m
  &amp#27;[32mThen &amp#27;[0m&amp#27;[32mthe page title is "&amp#27;[0m&amp#27;[32m&amp#27;[1mCheckboxes&amp#27;[0m&amp#27;[32m"&amp#27;[0m                            &amp#27;[90m# com.Internet.herokuapp.stepDefinitions.CommonStepDefinition.the_page_title_is_something(java.lang.String)&amp#27;[0m
]]></system-out>
    <system-err><![CDATA[Starting ChromeDriver 113.0.5672.63 (0e1a4471d5ae5bf128b1bd8f4d627c8cbd55f70c-refs/branch-heads/5672@{#912}) on port 33998
Only local connections are allowed.
Please see https://chromedriver.chromium.org/security-considerations for suggestions on keeping ChromeDriver safe.
ChromeDriver was started successfully.
[1690121159.111][WARNING]: This version of ChromeDriver has not been tested with Chrome version 114.
juill. 23, 2023 10:05:59 A.M. org.openqa.selenium.remote.ProtocolHandshake createSession
INFO: Detected dialect: W3C
]]></system-err>
  </testcase>
  <testcase name="Verify DropDown page contents are correct" classname="DropDown Page" time="2.166">
    <system-out><![CDATA[
Scenario: Verify DropDown page contents are correct            &amp#27;[90m# src/test/resources/Dropdown.feature:8&amp#27;[0m
  &amp#27;[32mGiven &amp#27;[0m&amp#27;[32mI have navigated to the 'the-internet' "&amp#27;[0m&amp#27;[32m&amp#27;[1mdropdown&amp#27;[0m&amp#27;[32m" page&amp#27;[0m &amp#27;[90m# com.Internet.herokuapp.stepDefinitions.CommonStepDefinition.i_have_navigated_to_the_theinternet_page(java.lang.String)&amp#27;[0m
  &amp#27;[32mThen &amp#27;[0m&amp#27;[32mthe page title is "&amp#27;[0m&amp#27;[32m&amp#27;[1mDropdown List&amp#27;[0m&amp#27;[32m"&amp#27;[0m                       &amp#27;[90m# com.Internet.herokuapp.stepDefinitions.CommonStepDefinition.the_page_title_is_something(java.lang.String)&amp#27;[0m
]]></system-out>
    <system-err><![CDATA[Starting ChromeDriver 113.0.5672.63 (0e1a4471d5ae5bf128b1bd8f4d627c8cbd55f70c-refs/branch-heads/5672@{#912}) on port 43797
Only local connections are allowed.
Please see https://chromedriver.chromium.org/security-considerations for suggestions on keeping ChromeDriver safe.
ChromeDriver was started successfully.
[1690121163.939][WARNING]: This version of ChromeDriver has not been tested with Chrome version 114.
juill. 23, 2023 10:06:03 A.M. org.openqa.selenium.remote.ProtocolHandshake createSession
INFO: Detected dialect: W3C
]]></system-err>
  </testcase>
  <testcase name="Verify home page contents are correct" classname="Home Page" time="2.926">
    <failure message="expected:&lt;[A/B Testing, Add/Remove Elements, Basic Auth, Broken Images, Challenging DOMggggg, Checkboxes, Context Menu, Digest Authentication, Disappearing Elements, Drag and Drop, Dropdown, Dynamic Content, Dynamic Controls, Dynamic Loading, Entry Ad, Exit Intent, File Download, File Upload, Floating Menu, Forgot Password, Form Authentication, Frames, Geolocation, Horizontal Slider, Hovers, Infinite Scroll, Inputs, JQuery UI Menus, JavaScript Alerts, JavaScript onload event error, Key Presses, Large &amp; Deep DOM, Multiple Windows, Nested Frames, Notification Messages, Redirect Link, Secure File Download, Shadow DOM, Shifting Content, Slow Resources, Sortable Data Tables, Status Codes, Typos, WYSIWYG Editor]&gt; but was:&lt;[A/B Testing, Add/Remove Elements, Basic Auth, Broken Images, Challenging DOM, Checkboxes, Context Menu, Digest Authentication, Disappearing Elements, Drag and Drop, Dropdown, Dynamic Content, Dynamic Controls, Dynamic Loading, Entry Ad, Exit Intent, File Download, File Upload, Floating Menu, Forgot Password, Form Authentication, Frames, Geolocation, Horizontal Slider, Hovers, Infinite Scroll, Inputs, JQuery UI Menus, JavaScript Alerts, JavaScript onload event error, Key Presses, Large &amp; Deep DOM, Multiple Windows, Nested Frames, Notification Messages, Redirect Link, Secure File Download, Shadow DOM, Shifting Content, Slow Resources, Sortable Data Tables, Status Codes, Typos, WYSIWYG Editor]&gt;" type="java.lang.AssertionError"><![CDATA[java.lang.AssertionError: expected:<[A/B Testing, Add/Remove Elements, Basic Auth, Broken Images, Challenging DOMggggg, Checkboxes, Context Menu, Digest Authentication, Disappearing Elements, Drag and Drop, Dropdown, Dynamic Content, Dynamic Controls, Dynamic Loading, Entry Ad, Exit Intent, File Download, File Upload, Floating Menu, Forgot Password, Form Authentication, Frames, Geolocation, Horizontal Slider, Hovers, Infinite Scroll, Inputs, JQuery UI Menus, JavaScript Alerts, JavaScript onload event error, Key Presses, Large & Deep DOM, Multiple Windows, Nested Frames, Notification Messages, Redirect Link, Secure File Download, Shadow DOM, Shifting Content, Slow Resources, Sortable Data Tables, Status Codes, Typos, WYSIWYG Editor]> but was:<[A/B Testing, Add/Remove Elements, Basic Auth, Broken Images, Challenging DOM, Checkboxes, Context Menu, Digest Authentication, Disappearing Elements, Drag and Drop, Dropdown, Dynamic Content, Dynamic Controls, Dynamic Loading, Entry Ad, Exit Intent, File Download, File Upload, Floating Menu, Forgot Password, Form Authentication, Frames, Geolocation, Horizontal Slider, Hovers, Infinite Scroll, Inputs, JQuery UI Menus, JavaScript Alerts, JavaScript onload event error, Key Presses, Large & Deep DOM, Multiple Windows, Nested Frames, Notification Messages, Redirect Link, Secure File Download, Shadow DOM, Shifting Content, Slow Resources, Sortable Data Tables, Status Codes, Typos, WYSIWYG Editor]>
	at org.junit.Assert.fail(Assert.java:89)
	at org.junit.Assert.failNotEquals(Assert.java:835)
	at org.junit.Assert.assertEquals(Assert.java:120)
	at org.junit.Assert.assertEquals(Assert.java:146)
	at com.Internet.herokuapp.stepDefinitions.HomeStepDefinition.a_list_of_the_following_subpages_is_displayed(HomeStepDefinition.java:37)
	at ✽.a list of the following sub-pages is displayed(file:///C:/eclipse-workspace-AJC/Internet.herokuapp/src/test/resources/HomePage.feature:11)
]]></failure>
    <system-out><![CDATA[
@tag1
Scenario: Verify home page contents are correct            &amp#27;[90m# src/test/resources/HomePage.feature:8&amp#27;[0m
  &amp#27;[32mGiven &amp#27;[0m&amp#27;[32mI have navigated to the 'the-internet' "&amp#27;[0m&amp#27;[32m&amp#27;[1mhome&amp#27;[0m&amp#27;[32m" page&amp#27;[0m &amp#27;[90m# com.Internet.herokuapp.stepDefinitions.CommonStepDefinition.i_have_navigated_to_the_theinternet_page(java.lang.String)&amp#27;[0m
  &amp#27;[32mThen &amp#27;[0m&amp#27;[32mthe page title is "&amp#27;[0m&amp#27;[32m&amp#27;[1mWelcome to the-internet&amp#27;[0m&amp#27;[32m"&amp#27;[0m         &amp#27;[90m# com.Internet.herokuapp.stepDefinitions.CommonStepDefinition.the_page_title_is_something(java.lang.String)&amp#27;[0m
  &amp#27;[32mAnd &amp#27;[0m&amp#27;[32mthe sub-header text is "&amp#27;[0m&amp#27;[32m&amp#27;[1mAvailable Examples&amp#27;[0m&amp#27;[32m"&amp#27;[0m          &amp#27;[90m# com.Internet.herokuapp.stepDefinitions.HomeStepDefinition.the_subheader_text_is_something(java.lang.String)&amp#27;[0m
  &amp#27;[31mAnd &amp#27;[0m&amp#27;[31ma list of the following sub-pages is displayed&amp#27;[0m       &amp#27;[90m# com.Internet.herokuapp.stepDefinitions.HomeStepDefinition.a_list_of_the_following_subpages_is_displayed(io.cucumber.datatable.DataTable)&amp#27;[0m
    | A/B Testing                   |
    | Add/Remove Elements           |
    | Basic Auth                    |
    | Broken Images                 |
    | Challenging DOMggggg          |
    | Checkboxes                    |
    | Context Menu                  |
    | Digest Authentication         |
    | Disappearing Elements         |
    | Drag and Drop                 |
    | Dropdown                      |
    | Dynamic Content               |
    | Dynamic Controls              |
    | Dynamic Loading               |
    | Entry Ad                      |
    | Exit Intent                   |
    | File Download                 |
    | File Upload                   |
    | Floating Menu                 |
    | Forgot Password               |
    | Form Authentication           |
    | Frames                        |
    | Geolocation                   |
    | Horizontal Slider             |
    | Hovers                        |
    | Infinite Scroll               |
    | Inputs                        |
    | JQuery UI Menus               |
    | JavaScript Alerts             |
    | JavaScript onload event error |
    | Key Presses                   |
    | Large & Deep DOM              |
    | Multiple Windows              |
    | Nested Frames                 |
    | Notification Messages         |
    | Redirect Link                 |
    | Secure File Download          |
    | Shadow DOM                    |
    | Shifting Content              |
    | Slow Resources                |
    | Sortable Data Tables          |
    | Status Codes                  |
    | Typos                         |
    | WYSIWYG Editor                |
      &amp#27;[31mjava.lang.AssertionError: expected:<[A/B Testing, Add/Remove Elements, Basic Auth, Broken Images, Challenging DOMggggg, Checkboxes, Context Menu, Digest Authentication, Disappearing Elements, Drag and Drop, Dropdown, Dynamic Content, Dynamic Controls, Dynamic Loading, Entry Ad, Exit Intent, File Download, File Upload, Floating Menu, Forgot Password, Form Authentication, Frames, Geolocation, Horizontal Slider, Hovers, Infinite Scroll, Inputs, JQuery UI Menus, JavaScript Alerts, JavaScript onload event error, Key Presses, Large & Deep DOM, Multiple Windows, Nested Frames, Notification Messages, Redirect Link, Secure File Download, Shadow DOM, Shifting Content, Slow Resources, Sortable Data Tables, Status Codes, Typos, WYSIWYG Editor]> but was:<[A/B Testing, Add/Remove Elements, Basic Auth, Broken Images, Challenging DOM, Checkboxes, Context Menu, Digest Authentication, Disappearing Elements, Drag and Drop, Dropdown, Dynamic Content, Dynamic Controls, Dynamic Loading, Entry Ad, Exit Intent, File Download, File Upload, Floating Menu, Forgot Password, Form Authentication, Frames, Geolocation, Horizontal Slider, Hovers, Infinite Scroll, Inputs, JQuery UI Menus, JavaScript Alerts, JavaScript onload event error, Key Presses, Large & Deep DOM, Multiple Windows, Nested Frames, Notification Messages, Redirect Link, Secure File Download, Shadow DOM, Shifting Content, Slow Resources, Sortable Data Tables, Status Codes, Typos, WYSIWYG Editor]>
	at org.junit.Assert.fail(Assert.java:89)
	at org.junit.Assert.failNotEquals(Assert.java:835)
	at org.junit.Assert.assertEquals(Assert.java:120)
	at org.junit.Assert.assertEquals(Assert.java:146)
	at com.Internet.herokuapp.stepDefinitions.HomeStepDefinition.a_list_of_the_following_subpages_is_displayed(HomeStepDefinition.java:37)
	at âœ½.a list of the following sub-pages is displayed(file:///C:/eclipse-workspace-AJC/Internet.herokuapp/src/test/resources/HomePage.feature:11)
&amp#27;[0m
]]></system-out>
    <system-err><![CDATA[Starting ChromeDriver 113.0.5672.63 (0e1a4471d5ae5bf128b1bd8f4d627c8cbd55f70c-refs/branch-heads/5672@{#912}) on port 24960
Only local connections are allowed.
Please see https://chromedriver.chromium.org/security-considerations for suggestions on keeping ChromeDriver safe.
ChromeDriver was started successfully.
[1690121165.971][WARNING]: This version of ChromeDriver has not been tested with Chrome version 114.
juill. 23, 2023 10:06:05 A.M. org.openqa.selenium.remote.ProtocolHandshake createSession
INFO: Detected dialect: W3C
]]></system-err>
  </testcase>
  <testcase name="Open Checkboxes page" classname="Home Page" time="2.249">
    <system-out><![CDATA[
Scenario Outline: Open Checkboxes page                     &amp#27;[90m# src/test/resources/HomePage.feature:65&amp#27;[0m
  &amp#27;[32mGiven &amp#27;[0m&amp#27;[32mI have navigated to the 'the-internet' "&amp#27;[0m&amp#27;[32m&amp#27;[1mhome&amp#27;[0m&amp#27;[32m" page&amp#27;[0m &amp#27;[90m# com.Internet.herokuapp.stepDefinitions.CommonStepDefinition.i_have_navigated_to_the_theinternet_page(java.lang.String)&amp#27;[0m
  &amp#27;[32mWhen &amp#27;[0m&amp#27;[32mI click on the "&amp#27;[0m&amp#27;[32m&amp#27;[1mCheckboxes&amp#27;[0m&amp#27;[32m" link&amp#27;[0m                    &amp#27;[90m# com.Internet.herokuapp.stepDefinitions.HomeStepDefinition.i_click_on_the_page_link(java.lang.String)&amp#27;[0m
  &amp#27;[32mThen &amp#27;[0m&amp#27;[32mthe "&amp#27;[0m&amp#27;[32m&amp#27;[1mCheckboxes&amp#27;[0m&amp#27;[32m" page opens&amp#27;[0m                         &amp#27;[90m# com.Internet.herokuapp.stepDefinitions.CommonStepDefinition.the_something_page_opens(java.lang.String)&amp#27;[0m
]]></system-out>
    <system-err><![CDATA[Starting ChromeDriver 113.0.5672.63 (0e1a4471d5ae5bf128b1bd8f4d627c8cbd55f70c-refs/branch-heads/5672@{#912}) on port 27656
Only local connections are allowed.
Please see https://chromedriver.chromium.org/security-considerations for suggestions on keeping ChromeDriver safe.
ChromeDriver was started successfully.
[1690121168.792][WARNING]: This version of ChromeDriver has not been tested with Chrome version 114.
juill. 23, 2023 10:06:08 A.M. org.openqa.selenium.remote.ProtocolHandshake createSession
INFO: Detected dialect: W3C
]]></system-err>
  </testcase>
  <testcase name="Open Dropdown page" classname="Home Page" time="2.289">
    <system-out><![CDATA[
Scenario Outline: Open Dropdown page                       &amp#27;[90m# src/test/resources/HomePage.feature:66&amp#27;[0m
  &amp#27;[32mGiven &amp#27;[0m&amp#27;[32mI have navigated to the 'the-internet' "&amp#27;[0m&amp#27;[32m&amp#27;[1mhome&amp#27;[0m&amp#27;[32m" page&amp#27;[0m &amp#27;[90m# com.Internet.herokuapp.stepDefinitions.CommonStepDefinition.i_have_navigated_to_the_theinternet_page(java.lang.String)&amp#27;[0m
  &amp#27;[32mWhen &amp#27;[0m&amp#27;[32mI click on the "&amp#27;[0m&amp#27;[32m&amp#27;[1mDropdown&amp#27;[0m&amp#27;[32m" link&amp#27;[0m                      &amp#27;[90m# com.Internet.herokuapp.stepDefinitions.HomeStepDefinition.i_click_on_the_page_link(java.lang.String)&amp#27;[0m
  &amp#27;[32mThen &amp#27;[0m&amp#27;[32mthe "&amp#27;[0m&amp#27;[32m&amp#27;[1mDropdown&amp#27;[0m&amp#27;[32m" page opens&amp#27;[0m                           &amp#27;[90m# com.Internet.herokuapp.stepDefinitions.CommonStepDefinition.the_something_page_opens(java.lang.String)&amp#27;[0m
]]></system-out>
    <system-err><![CDATA[Starting ChromeDriver 113.0.5672.63 (0e1a4471d5ae5bf128b1bd8f4d627c8cbd55f70c-refs/branch-heads/5672@{#912}) on port 22323
Only local connections are allowed.
Please see https://chromedriver.chromium.org/security-considerations for suggestions on keeping ChromeDriver safe.
ChromeDriver was started successfully.
[1690121171.007][WARNING]: This version of ChromeDriver has not been tested with Chrome version 114.
juill. 23, 2023 10:06:11 A.M. org.openqa.selenium.remote.ProtocolHandshake createSession
INFO: Detected dialect: W3C
]]></system-err>
  </testcase>
  <testcase name="Open Dynamic Controls page" classname="Home Page" time="2.287">
    <failure message="expected:&lt;null&gt; but was:&lt;https://the-internet.herokuapp.com/dynamic_controls&gt;" type="java.lang.AssertionError"><![CDATA[java.lang.AssertionError: expected:<null> but was:<https://the-internet.herokuapp.com/dynamic_controls>
	at org.junit.Assert.fail(Assert.java:89)
	at org.junit.Assert.failNotEquals(Assert.java:835)
	at org.junit.Assert.assertEquals(Assert.java:120)
	at org.junit.Assert.assertEquals(Assert.java:146)
	at com.Internet.herokuapp.stepDefinitions.CommonStepDefinition.the_something_page_opens(CommonStepDefinition.java:69)
	at ✽.the "Dynamic Controls" page opens(file:///C:/eclipse-workspace-AJC/Internet.herokuapp/src/test/resources/HomePage.feature:61)
]]></failure>
    <system-out><![CDATA[
Scenario Outline: Open Dynamic Controls page               &amp#27;[90m# src/test/resources/HomePage.feature:67&amp#27;[0m
  &amp#27;[32mGiven &amp#27;[0m&amp#27;[32mI have navigated to the 'the-internet' "&amp#27;[0m&amp#27;[32m&amp#27;[1mhome&amp#27;[0m&amp#27;[32m" page&amp#27;[0m &amp#27;[90m# com.Internet.herokuapp.stepDefinitions.CommonStepDefinition.i_have_navigated_to_the_theinternet_page(java.lang.String)&amp#27;[0m
  &amp#27;[32mWhen &amp#27;[0m&amp#27;[32mI click on the "&amp#27;[0m&amp#27;[32m&amp#27;[1mDynamic Controls&amp#27;[0m&amp#27;[32m" link&amp#27;[0m              &amp#27;[90m# com.Internet.herokuapp.stepDefinitions.HomeStepDefinition.i_click_on_the_page_link(java.lang.String)&amp#27;[0m
  &amp#27;[31mThen &amp#27;[0m&amp#27;[31mthe "&amp#27;[0m&amp#27;[31m&amp#27;[1mDynamic Controls&amp#27;[0m&amp#27;[31m" page opens&amp#27;[0m                   &amp#27;[90m# com.Internet.herokuapp.stepDefinitions.CommonStepDefinition.the_something_page_opens(java.lang.String)&amp#27;[0m
      &amp#27;[31mjava.lang.AssertionError: expected:<null> but was:<https://the-internet.herokuapp.com/dynamic_controls>
	at org.junit.Assert.fail(Assert.java:89)
	at org.junit.Assert.failNotEquals(Assert.java:835)
	at org.junit.Assert.assertEquals(Assert.java:120)
	at org.junit.Assert.assertEquals(Assert.java:146)
	at com.Internet.herokuapp.stepDefinitions.CommonStepDefinition.the_something_page_opens(CommonStepDefinition.java:69)
	at âœ½.the "Dynamic Controls" page opens(file:///C:/eclipse-workspace-AJC/Internet.herokuapp/src/test/resources/HomePage.feature:61)
&amp#27;[0m
]]></system-out>
    <system-err><![CDATA[Starting ChromeDriver 113.0.5672.63 (0e1a4471d5ae5bf128b1bd8f4d627c8cbd55f70c-refs/branch-heads/5672@{#912}) on port 48221
Only local connections are allowed.
Please see https://chromedriver.chromium.org/security-considerations for suggestions on keeping ChromeDriver safe.
ChromeDriver was started successfully.
[1690121173.296][WARNING]: This version of ChromeDriver has not been tested with Chrome version 114.
juill. 23, 2023 10:06:13 A.M. org.openqa.selenium.remote.ProtocolHandshake createSession
INFO: Detected dialect: W3C
]]></system-err>
  </testcase>
  <testcase name="Open Form Authentication page" classname="Home Page" time="2.803">
    <failure message="expected:&lt;null&gt; but was:&lt;https://the-internet.herokuapp.com/login&gt;" type="java.lang.AssertionError"><![CDATA[java.lang.AssertionError: expected:<null> but was:<https://the-internet.herokuapp.com/login>
	at org.junit.Assert.fail(Assert.java:89)
	at org.junit.Assert.failNotEquals(Assert.java:835)
	at org.junit.Assert.assertEquals(Assert.java:120)
	at org.junit.Assert.assertEquals(Assert.java:146)
	at com.Internet.herokuapp.stepDefinitions.CommonStepDefinition.the_something_page_opens(CommonStepDefinition.java:69)
	at ✽.the "Form Authentication" page opens(file:///C:/eclipse-workspace-AJC/Internet.herokuapp/src/test/resources/HomePage.feature:61)
]]></failure>
    <system-out><![CDATA[
Scenario Outline: Open Form Authentication page            &amp#27;[90m# src/test/resources/HomePage.feature:68&amp#27;[0m
  &amp#27;[32mGiven &amp#27;[0m&amp#27;[32mI have navigated to the 'the-internet' "&amp#27;[0m&amp#27;[32m&amp#27;[1mhome&amp#27;[0m&amp#27;[32m" page&amp#27;[0m &amp#27;[90m# com.Internet.herokuapp.stepDefinitions.CommonStepDefinition.i_have_navigated_to_the_theinternet_page(java.lang.String)&amp#27;[0m
  &amp#27;[32mWhen &amp#27;[0m&amp#27;[32mI click on the "&amp#27;[0m&amp#27;[32m&amp#27;[1mForm Authentication&amp#27;[0m&amp#27;[32m" link&amp#27;[0m           &amp#27;[90m# com.Internet.herokuapp.stepDefinitions.HomeStepDefinition.i_click_on_the_page_link(java.lang.String)&amp#27;[0m
  &amp#27;[31mThen &amp#27;[0m&amp#27;[31mthe "&amp#27;[0m&amp#27;[31m&amp#27;[1mForm Authentication&amp#27;[0m&amp#27;[31m" page opens&amp#27;[0m                &amp#27;[90m# com.Internet.herokuapp.stepDefinitions.CommonStepDefinition.the_something_page_opens(java.lang.String)&amp#27;[0m
      &amp#27;[31mjava.lang.AssertionError: expected:<null> but was:<https://the-internet.herokuapp.com/login>
	at org.junit.Assert.fail(Assert.java:89)
	at org.junit.Assert.failNotEquals(Assert.java:835)
	at org.junit.Assert.assertEquals(Assert.java:120)
	at org.junit.Assert.assertEquals(Assert.java:146)
	at com.Internet.herokuapp.stepDefinitions.CommonStepDefinition.the_something_page_opens(CommonStepDefinition.java:69)
	at âœ½.the "Form Authentication" page opens(file:///C:/eclipse-workspace-AJC/Internet.herokuapp/src/test/resources/HomePage.feature:61)
&amp#27;[0m
]]></system-out>
    <system-err><![CDATA[Starting ChromeDriver 113.0.5672.63 (0e1a4471d5ae5bf128b1bd8f4d627c8cbd55f70c-refs/branch-heads/5672@{#912}) on port 21935
Only local connections are allowed.
Please see https://chromedriver.chromium.org/security-considerations for suggestions on keeping ChromeDriver safe.
ChromeDriver was started successfully.
[1690121175.623][WARNING]: This version of ChromeDriver has not been tested with Chrome version 114.
juill. 23, 2023 10:06:15 A.M. org.openqa.selenium.remote.ProtocolHandshake createSession
INFO: Detected dialect: W3C
]]></system-err>
  </testcase>
  <testcase name="Open Inputs page" classname="Home Page" time="2.685">
    <failure message="expected:&lt;null&gt; but was:&lt;https://the-internet.herokuapp.com/inputs&gt;" type="java.lang.AssertionError"><![CDATA[java.lang.AssertionError: expected:<null> but was:<https://the-internet.herokuapp.com/inputs>
	at org.junit.Assert.fail(Assert.java:89)
	at org.junit.Assert.failNotEquals(Assert.java:835)
	at org.junit.Assert.assertEquals(Assert.java:120)
	at org.junit.Assert.assertEquals(Assert.java:146)
	at com.Internet.herokuapp.stepDefinitions.CommonStepDefinition.the_something_page_opens(CommonStepDefinition.java:69)
	at ✽.the "Inputs" page opens(file:///C:/eclipse-workspace-AJC/Internet.herokuapp/src/test/resources/HomePage.feature:61)
]]></failure>
    <system-out><![CDATA[
Scenario Outline: Open Inputs page                         &amp#27;[90m# src/test/resources/HomePage.feature:69&amp#27;[0m
  &amp#27;[32mGiven &amp#27;[0m&amp#27;[32mI have navigated to the 'the-internet' "&amp#27;[0m&amp#27;[32m&amp#27;[1mhome&amp#27;[0m&amp#27;[32m" page&amp#27;[0m &amp#27;[90m# com.Internet.herokuapp.stepDefinitions.CommonStepDefinition.i_have_navigated_to_the_theinternet_page(java.lang.String)&amp#27;[0m
  &amp#27;[32mWhen &amp#27;[0m&amp#27;[32mI click on the "&amp#27;[0m&amp#27;[32m&amp#27;[1mInputs&amp#27;[0m&amp#27;[32m" link&amp#27;[0m                        &amp#27;[90m# com.Internet.herokuapp.stepDefinitions.HomeStepDefinition.i_click_on_the_page_link(java.lang.String)&amp#27;[0m
  &amp#27;[31mThen &amp#27;[0m&amp#27;[31mthe "&amp#27;[0m&amp#27;[31m&amp#27;[1mInputs&amp#27;[0m&amp#27;[31m" page opens&amp#27;[0m                             &amp#27;[90m# com.Internet.herokuapp.stepDefinitions.CommonStepDefinition.the_something_page_opens(java.lang.String)&amp#27;[0m
      &amp#27;[31mjava.lang.AssertionError: expected:<null> but was:<https://the-internet.herokuapp.com/inputs>
	at org.junit.Assert.fail(Assert.java:89)
	at org.junit.Assert.failNotEquals(Assert.java:835)
	at org.junit.Assert.assertEquals(Assert.java:120)
	at org.junit.Assert.assertEquals(Assert.java:146)
	at com.Internet.herokuapp.stepDefinitions.CommonStepDefinition.the_something_page_opens(CommonStepDefinition.java:69)
	at âœ½.the "Inputs" page opens(file:///C:/eclipse-workspace-AJC/Internet.herokuapp/src/test/resources/HomePage.feature:61)
&amp#27;[0m
]]></system-out>
    <system-err><![CDATA[Starting ChromeDriver 113.0.5672.63 (0e1a4471d5ae5bf128b1bd8f4d627c8cbd55f70c-refs/branch-heads/5672@{#912}) on port 32752
Only local connections are allowed.
Please see https://chromedriver.chromium.org/security-considerations for suggestions on keeping ChromeDriver safe.
ChromeDriver was started successfully.
[1690121178.646][WARNING]: This version of ChromeDriver has not been tested with Chrome version 114.
juill. 23, 2023 10:06:18 A.M. org.openqa.selenium.remote.ProtocolHandshake createSession
INFO: Detected dialect: W3C
]]></system-err>
  </testcase>
  <testcase name="Cr�ation dun employe avec des informations valides" classname="Cr�ation dun employe" time="1.533">
    <error message="The step &apos;Je veux cr�er un employe avec le nom &quot;amira&quot;, le salaire &quot;123k&quot; et lage &quot;23&quot;&apos; and 2 other step(s) are undefined.&#10;You can implement these steps using the snippet(s) below:&#10;&#10;@Given(&quot;Je veux cr�er un employe avec le nom {string}, le salaire {string} et lage {string}&quot;)&#10;public void je_veux_cr_er_un_employe_avec_le_nom_le_salaire_et_lage(String string, String string2, String string3) {&#10;    // Write code here that turns the phrase above into concrete actions&#10;    throw new io.cucumber.java.PendingException();&#10;}&#10;@When(&quot;Je fais une requ�te POST&quot;)&#10;public void je_fais_une_requ_te_post() {&#10;    // Write code here that turns the phrase above into concrete actions&#10;    throw new io.cucumber.java.PendingException();&#10;}&#10;@Then(&quot;Je devrais obtenir une r�ponse avec le statut {int}&quot;)&#10;public void je_devrais_obtenir_une_r_ponse_avec_le_statut(Integer int1) {&#10;    // Write code here that turns the phrase above into concrete actions&#10;    throw new io.cucumber.java.PendingException();&#10;}&#10;" type="io.cucumber.junit.UndefinedStepException"><![CDATA[io.cucumber.junit.UndefinedStepException: 
The step 'Je veux cr�er un employe avec le nom "amira", le salaire "123k" et lage "23"' and 2 other step(s) are undefined.
You can implement these steps using the snippet(s) below:

@Given("Je veux cr�er un employe avec le nom {string}, le salaire {string} et lage {string}")
public void je_veux_cr_er_un_employe_avec_le_nom_le_salaire_et_lage(String string, String string2, String string3) {
    // Write code here that turns the phrase above into concrete actions
    throw new io.cucumber.java.PendingException();
}
@When("Je fais une requ�te POST")
public void je_fais_une_requ_te_post() {
    // Write code here that turns the phrase above into concrete actions
    throw new io.cucumber.java.PendingException();
}
@Then("Je devrais obtenir une r�ponse avec le statut {int}")
public void je_devrais_obtenir_une_r_ponse_avec_le_statut(Integer int1) {
    // Write code here that turns the phrase above into concrete actions
    throw new io.cucumber.java.PendingException();
}

]]></error>
    <system-out><![CDATA[
@tag2
Scenario: Crï¿½ation dun employe avec des informations valides                         &amp#27;[90m# src/test/resources/employee.feature:3&amp#27;[0m
  &amp#27;[33mGiven &amp#27;[0m&amp#27;[33mJe veux crï¿½er un employe avec le nom "amira", le salaire "123k" et lage "23"&amp#27;[0m
  &amp#27;[36mWhen &amp#27;[0m&amp#27;[36mJe fais une requï¿½te POST&amp#27;[0m
  &amp#27;[36mThen &amp#27;[0m&amp#27;[36mJe devrais obtenir une rï¿½ponse avec le statut 200&amp#27;[0m
]]></system-out>
    <system-err><![CDATA[Starting ChromeDriver 113.0.5672.63 (0e1a4471d5ae5bf128b1bd8f4d627c8cbd55f70c-refs/branch-heads/5672@{#912}) on port 42940
Only local connections are allowed.
Please see https://chromedriver.chromium.org/security-considerations for suggestions on keeping ChromeDriver safe.
ChromeDriver was started successfully.
[1690121181.443][WARNING]: This version of ChromeDriver has not been tested with Chrome version 114.
juill. 23, 2023 10:06:21 A.M. org.openqa.selenium.remote.ProtocolHandshake createSession
INFO: Detected dialect: W3C
]]></system-err>
  </testcase>
</testsuite>